<?xml version="1.0" encoding="UTF-8"?>
<testsuite xmlns:xsi="http://www.w3.org/2001/XMLSchema-instance" xsi:noNamespaceSchemaLocation="https://maven.apache.org/surefire/maven-surefire-plugin/xsd/surefire-test-report.xsd" version="3.0.1" name="com.voicecart.app.AppTest" time="0.087" tests="7" errors="0" skipped="0" failures="0">
  <properties>
[...]
</properties>
  <testcase name="testAddToFavorite" classname="com.voicecart.app.AppTest" time="0.039"/>
  <testcase name="testProductsArrayNotNull" classname="com.voicecart.app.AppTest" time="0.002"/>
  <testcase name="testProductsCount" classname="com.voicecart.app.AppTest" time="0.001"/>
  <testcase name="testAddToCart" classname="com.voicecart.app.AppTest" time="0.002"/>
  <testcase name="testCartInitiallyEmpty" classname="com.voicecart.app.AppTest" time="0.001"/>
  <testcase name="testProductCreation" classname="com.voicecart.app.AppTest" time="0.001"/>
  <testcase name="testFavoriteInitiallyEmpty" classname="com.voicecart.app.AppTest" time="0.002"/>
</testsuite>